Detecting C [-std=c11] compiler features failed to compile with the following output:
Change Dir: /home/luis/open_gl/Actividad#2/gluLookAt/build/CMakeFiles/CMakeTmp

Run Build Command:"/usr/bin/make" "cmTC_8e218/fast"
/usr/bin/make -f CMakeFiles/cmTC_8e218.dir/build.make CMakeFiles/cmTC_8e218.dir/build
make[1]: se entra en el directorio '/home/luis/open_gl/Actividad#2/gluLookAt/build/CMakeFiles/CMakeTmp'
make[1]: *** No hay ninguna regla para construir el objetivo '/home/luis/open_gl/Actividad', necesario para 'CMakeFiles/cmTC_8e218.dir/feature_tests.c.o'.  Alto.
make[1]: se sale del directorio '/home/luis/open_gl/Actividad#2/gluLookAt/build/CMakeFiles/CMakeTmp'
Makefile:126: fallo en las instrucciones para el objetivo 'cmTC_8e218/fast'
make: *** [cmTC_8e218/fast] Error 2



Detecting CXX [-std=c++14] compiler features failed to compile with the following output:
Change Dir: /home/luis/open_gl/Actividad#2/gluLookAt/build/CMakeFiles/CMakeTmp

Run Build Command:"/usr/bin/make" "cmTC_9686a/fast"
/usr/bin/make -f CMakeFiles/cmTC_9686a.dir/build.make CMakeFiles/cmTC_9686a.dir/build
make[1]: se entra en el directorio '/home/luis/open_gl/Actividad#2/gluLookAt/build/CMakeFiles/CMakeTmp'
make[1]: *** No hay ninguna regla para construir el objetivo '/home/luis/open_gl/Actividad', necesario para 'CMakeFiles/cmTC_9686a.dir/feature_tests.cxx.o'.  Alto.
make[1]: se sale del directorio '/home/luis/open_gl/Actividad#2/gluLookAt/build/CMakeFiles/CMakeTmp'
Makefile:126: fallo en las instrucciones para el objetivo 'cmTC_9686a/fast'
make: *** [cmTC_9686a/fast] Error 2



