Detecting C [-std=c11] compiler features failed to compile with the following output:
Change Dir: /home/luis/open_gl/Actividad#2/Vista_planta/build/CMakeFiles/CMakeTmp

Run Build Command:"/usr/bin/make" "cmTC_244b7/fast"
/usr/bin/make -f CMakeFiles/cmTC_244b7.dir/build.make CMakeFiles/cmTC_244b7.dir/build
make[1]: se entra en el directorio '/home/luis/open_gl/Actividad#2/Vista_planta/build/CMakeFiles/CMakeTmp'
make[1]: *** No hay ninguna regla para construir el objetivo '/home/luis/open_gl/Actividad', necesario para 'CMakeFiles/cmTC_244b7.dir/feature_tests.c.o'.  Alto.
make[1]: se sale del directorio '/home/luis/open_gl/Actividad#2/Vista_planta/build/CMakeFiles/CMakeTmp'
Makefile:126: fallo en las instrucciones para el objetivo 'cmTC_244b7/fast'
make: *** [cmTC_244b7/fast] Error 2



Detecting CXX [-std=c++14] compiler features failed to compile with the following output:
Change Dir: /home/luis/open_gl/Actividad#2/Vista_planta/build/CMakeFiles/CMakeTmp

Run Build Command:"/usr/bin/make" "cmTC_0d2e8/fast"
/usr/bin/make -f CMakeFiles/cmTC_0d2e8.dir/build.make CMakeFiles/cmTC_0d2e8.dir/build
make[1]: se entra en el directorio '/home/luis/open_gl/Actividad#2/Vista_planta/build/CMakeFiles/CMakeTmp'
make[1]: *** No hay ninguna regla para construir el objetivo '/home/luis/open_gl/Actividad', necesario para 'CMakeFiles/cmTC_0d2e8.dir/feature_tests.cxx.o'.  Alto.
make[1]: se sale del directorio '/home/luis/open_gl/Actividad#2/Vista_planta/build/CMakeFiles/CMakeTmp'
Makefile:126: fallo en las instrucciones para el objetivo 'cmTC_0d2e8/fast'
make: *** [cmTC_0d2e8/fast] Error 2



