Detecting C [-std=c11] compiler features failed to compile with the following output:
Change Dir: /home/luis/open_gl/Actividad#2/Vista_frente/build/CMakeFiles/CMakeTmp

Run Build Command:"/usr/bin/make" "cmTC_0f8e3/fast"
/usr/bin/make -f CMakeFiles/cmTC_0f8e3.dir/build.make CMakeFiles/cmTC_0f8e3.dir/build
make[1]: se entra en el directorio '/home/luis/open_gl/Actividad#2/Vista_frente/build/CMakeFiles/CMakeTmp'
make[1]: *** No hay ninguna regla para construir el objetivo '/home/luis/open_gl/Actividad', necesario para 'CMakeFiles/cmTC_0f8e3.dir/feature_tests.c.o'.  Alto.
make[1]: se sale del directorio '/home/luis/open_gl/Actividad#2/Vista_frente/build/CMakeFiles/CMakeTmp'
Makefile:126: fallo en las instrucciones para el objetivo 'cmTC_0f8e3/fast'
make: *** [cmTC_0f8e3/fast] Error 2



Detecting CXX [-std=c++14] compiler features failed to compile with the following output:
Change Dir: /home/luis/open_gl/Actividad#2/Vista_frente/build/CMakeFiles/CMakeTmp

Run Build Command:"/usr/bin/make" "cmTC_ab561/fast"
/usr/bin/make -f CMakeFiles/cmTC_ab561.dir/build.make CMakeFiles/cmTC_ab561.dir/build
make[1]: se entra en el directorio '/home/luis/open_gl/Actividad#2/Vista_frente/build/CMakeFiles/CMakeTmp'
make[1]: *** No hay ninguna regla para construir el objetivo '/home/luis/open_gl/Actividad', necesario para 'CMakeFiles/cmTC_ab561.dir/feature_tests.cxx.o'.  Alto.
make[1]: se sale del directorio '/home/luis/open_gl/Actividad#2/Vista_frente/build/CMakeFiles/CMakeTmp'
Makefile:126: fallo en las instrucciones para el objetivo 'cmTC_ab561/fast'
make: *** [cmTC_ab561/fast] Error 2



